#
# There is insufficient memory for the Java Runtime Environment to continue.
# Native memory allocation (malloc) failed to allocate 32744 bytes for ChunkPool::allocate
# Possible reasons:
#   The system is out of physical RAM or swap space
#   The process is running with CompressedOops enabled, and the Java Heap may be blocking the growth of the native heap
# Possible solutions:
#   Reduce memory load on the system
#   Increase physical memory or swap space
#   Check if swap backing store is full
#   Decrease Java heap size (-Xmx/-Xms)
#   Decrease number of Java threads
#   Decrease Java thread stack sizes (-Xss)
#   Set larger code cache with -XX:ReservedCodeCacheSize=
#   JVM is running with Unscaled Compressed Oops mode in which the Java heap is
#     placed in the first 4GB address space. The Java Heap base address is the
#     maximum limit for the native heap growth. Please use -XX:HeapBaseMinAddress
#     to set the Java Heap base and to place the Java Heap above 4GB virtual address.
# This output file may be truncated or incomplete.
#
#  Out of Memory Error (allocation.cpp:272), pid=7084, tid=0x00000000000011a0
#
# JRE version: Java(TM) SE Runtime Environment (8.0_202-b08) (build 1.8.0_202-b08)
# Java VM: Java HotSpot(TM) 64-Bit Server VM (25.202-b08 mixed mode windows-amd64 compressed oops)
# Failed to write core dump. Minidumps are not enabled by default on client versions of Windows
#

---------------  T H R E A D  ---------------

Current thread (0x00000000154f3800):  JavaThread "C2 CompilerThread1" daemon [_thread_in_native, id=4512, stack(0x0000000016c40000,0x0000000016d40000)]

Stack: [0x0000000016c40000,0x0000000016d40000]
[error occurred during error reporting (printing stack bounds), id 0xc0000005]

Native frames: (J=compiled Java code, j=interpreted, Vv=VM code, C=native code)


Current CompileTask:
C2:   4665 1916       4       java.net.URLClassLoader$1::run (5 bytes)


---------------  P R O C E S S  ---------------

Java Threads: ( => current thread )
  0x0000000016f3d000 JavaThread "mysql-cj-abandoned-connection-cleanup" daemon [_thread_blocked, id=3168, stack(0x0000000018e10000,0x0000000018f10000)]
  0x0000000016e70800 JavaThread "Service Thread" daemon [_thread_blocked, id=3172, stack(0x0000000017240000,0x0000000017340000)]
  0x0000000015502000 JavaThread "C1 CompilerThread2" daemon [_thread_in_native, id=3120, stack(0x0000000016d40000,0x0000000016e40000)]
=>0x00000000154f3800 JavaThread "C2 CompilerThread1" daemon [_thread_in_native, id=4512, stack(0x0000000016c40000,0x0000000016d40000)]
  0x00000000154ee000 JavaThread "C2 CompilerThread0" daemon [_thread_in_native, id=3588, stack(0x0000000016b40000,0x0000000016c40000)]
  0x00000000154ec800 JavaThread "Attach Listener" daemon [_thread_blocked, id=7580, stack(0x0000000016a40000,0x0000000016b40000)]
  0x00000000154f8000 JavaThread "Signal Dispatcher" daemon [_thread_blocked, id=3952, stack(0x0000000016940000,0x0000000016a40000)]
  0x00000000154d8800 JavaThread "Finalizer" daemon [_thread_blocked, id=3616, stack(0x0000000016740000,0x0000000016840000)]
  0x00000000030e3800 JavaThread "Reference Handler" daemon [_thread_blocked, id=3964, stack(0x0000000016640000,0x0000000016740000)]
  0x0000000002ff2800 JavaThread "main" [_thread_in_vm, id=2360, stack(0x0000000002ef0000,0x0000000002ff0000)]

Other Threads:
  0x00000000154b7000 VMThread [stack: 0x0000000016540000,0x0000000016640000] [id=3664]
  0x0000000016e91000 WatcherThread [stack: 0x0000000017340000,0x0000000017440000] [id=3252]

VM state:not at safepoint (normal execution)

VM Mutex/Monitor currently owned by a thread: None

heap address: 0x00000000c5000000, size: 944 MB, Compressed Oops mode: 32-bit
Narrow klass base: 0x0000000000000000, Narrow klass shift: 3
Compressed class space size: 1073741824 Address: 0x0000000100000000

Heap:
 PSYoungGen      total 67584K, used 52982K [0x00000000ec580000, 0x00000000f1180000, 0x0000000100000000)
  eden space 60416K, 87% used [0x00000000ec580000,0x00000000ef93d958,0x00000000f0080000)
  from space 7168K, 0% used [0x00000000f0880000,0x00000000f0880000,0x00000000f0f80000)
  to   space 8192K, 0% used [0x00000000f0080000,0x00000000f0080000,0x00000000f0880000)
 ParOldGen       total 28672K, used 7277K [0x00000000c5000000, 0x00000000c6c00000, 0x00000000ec580000)
  object space 28672K, 25% used [0x00000000c5000000,0x00000000c571b6d0,0x00000000c6c00000)
 Metaspace       used 29415K, capacity 30002K, committed 30256K, reserved 1075200K
  class space    used 3937K, capacity 4092K, committed 4144K, reserved 1048576K

Card table byte_map: [0x00000000124b0000,0x0000000012690000] byte_map_base: 0x0000000011e88000

Marking Bits: (ParMarkBitMap*) 0x000000006f345ce0
 Begin Bits: [0x0000000012bd0000, 0x0000000013a90000)
 End Bits:   [0x0000000013a90000, 0x0000000014950000)

Polling page: 0x00000000012e0000

CodeCache: size=245760Kb used=6477Kb max_used=6477Kb free=239282Kb
 bounds [0x00000000030f0000, 0x0000000003750000, 0x00000000120f0000]
 total_blobs=2408 nmethods=1916 adapters=404
 compilation: enabled

Compilation events (10 events):
Event: 4.614 Thread 0x0000000015502000 1913       3       net.bytebuddy.description.type.TypeDescription$Generic$OfNonGenericType::accept (8 bytes)
Event: 4.614 Thread 0x0000000015502000 nmethod 1913 0x0000000003743990 code [0x0000000003743b00, 0x0000000003743d28]
Event: 4.616 Thread 0x0000000015502000 1914       3       net.bytebuddy.description.type.TypeDescription$ForLoadedType::getName (8 bytes)
Event: 4.616 Thread 0x0000000015502000 nmethod 1914 0x0000000003743e10 code [0x0000000003743fc0, 0x00000000037445a8]
Event: 4.616 Thread 0x0000000015502000 1915       3       net.bytebuddy.description.type.TypeDescription$ForLoadedType::getName (28 bytes)
Event: 4.616 Thread 0x0000000015502000 nmethod 1915 0x00000000037447d0 code [0x0000000003744960, 0x0000000003744ec8]
Event: 4.639 Thread 0x00000000154f3800 1916       4       java.net.URLClassLoader$1::run (5 bytes)
Event: 4.639 Thread 0x00000000154ee000 1917   !   4       java.net.URLClassLoader$1::run (63 bytes)
Event: 4.655 Thread 0x0000000015502000 1918       3       net.bytebuddy.description.type.TypeDescription$AbstractBase::equals (60 bytes)
Event: 4.656 Thread 0x0000000015502000 nmethod 1918 0x0000000003746090 code [0x0000000003746260, 0x0000000003746be8]

GC Heap History (10 events):
Event: 1.424 GC heap before
{Heap before GC invocations=3 (full 0):
 PSYoungGen      total 17920K, used 16712K [0x00000000ec580000, 0x00000000ee880000, 0x0000000100000000)
  eden space 15360K, 99% used [0x00000000ec580000,0x00000000ed47e6a0,0x00000000ed480000)
  from space 2560K, 53% used [0x00000000ed700000,0x00000000ed853af0,0x00000000ed980000)
  to   space 2560K, 0% used [0x00000000ed480000,0x00000000ed480000,0x00000000ed700000)
 ParOldGen       total 40960K, used 574K [0x00000000c5000000, 0x00000000c7800000, 0x00000000ec580000)
  object space 40960K, 1% used [0x00000000c5000000,0x00000000c508f8e0,0x00000000c7800000)
 Metaspace       used 8895K, capacity 9020K, committed 9216K, reserved 1056768K
  class space    used 1091K, capacity 1156K, committed 1280K, reserved 1048576K
Event: 1.426 GC heap after
Heap after GC invocations=3 (full 0):
 PSYoungGen      total 17920K, used 1361K [0x00000000ec580000, 0x00000000ee880000, 0x0000000100000000)
  eden space 15360K, 0% used [0x00000000ec580000,0x00000000ec580000,0x00000000ed480000)
  from space 2560K, 53% used [0x00000000ed480000,0x00000000ed5d44b8,0x00000000ed700000)
  to   space 2560K, 0% used [0x00000000ee600000,0x00000000ee600000,0x00000000ee880000)
 ParOldGen       total 40960K, used 574K [0x00000000c5000000, 0x00000000c7800000, 0x00000000ec580000)
  object space 40960K, 1% used [0x00000000c5000000,0x00000000c508f8e0,0x00000000c7800000)
 Metaspace       used 8895K, capacity 9020K, committed 9216K, reserved 1056768K
  class space    used 1091K, capacity 1156K, committed 1280K, reserved 1048576K
}
Event: 1.693 GC heap before
{Heap before GC invocations=4 (full 0):
 PSYoungGen      total 17920K, used 16721K [0x00000000ec580000, 0x00000000ee880000, 0x0000000100000000)
  eden space 15360K, 100% used [0x00000000ec580000,0x00000000ed480000,0x00000000ed480000)
  from space 2560K, 53% used [0x00000000ed480000,0x00000000ed5d44b8,0x00000000ed700000)
  to   space 2560K, 0% used [0x00000000ee600000,0x00000000ee600000,0x00000000ee880000)
 ParOldGen       total 40960K, used 574K [0x00000000c5000000, 0x00000000c7800000, 0x00000000ec580000)
  object space 40960K, 1% used [0x00000000c5000000,0x00000000c508f8e0,0x00000000c7800000)
 Metaspace       used 10748K, capacity 10988K, committed 11136K, reserved 1058816K
  class space    used 1327K, capacity 1404K, committed 1408K, reserved 1048576K
Event: 1.697 GC heap after
Heap after GC invocations=4 (full 0):
 PSYoungGen      total 33280K, used 2552K [0x00000000ec580000, 0x00000000ee880000, 0x0000000100000000)
  eden space 30720K, 0% used [0x00000000ec580000,0x00000000ec580000,0x00000000ee380000)
  from space 2560K, 99% used [0x00000000ee600000,0x00000000ee87e3b8,0x00000000ee880000)
  to   space 2560K, 0% used [0x00000000ee380000,0x00000000ee380000,0x00000000ee600000)
 ParOldGen       total 40960K, used 975K [0x00000000c5000000, 0x00000000c7800000, 0x00000000ec580000)
  object space 40960K, 2% used [0x00000000c5000000,0x00000000c50f3fe0,0x00000000c7800000)
 Metaspace       used 10748K, capacity 10988K, committed 11136K, reserved 1058816K
  class space    used 1327K, capacity 1404K, committed 1408K, reserved 1048576K
}
Event: 2.731 GC heap before
{Heap before GC invocations=5 (full 0):
 PSYoungGen      total 33280K, used 33272K [0x00000000ec580000, 0x00000000ee880000, 0x0000000100000000)
  eden space 30720K, 100% used [0x00000000ec580000,0x00000000ee380000,0x00000000ee380000)
  from space 2560K, 99% used [0x00000000ee600000,0x00000000ee87e3b8,0x00000000ee880000)
  to   space 2560K, 0% used [0x00000000ee380000,0x00000000ee380000,0x00000000ee600000)
 ParOldGen       total 40960K, used 975K [0x00000000c5000000, 0x00000000c7800000, 0x00000000ec580000)
  object space 40960K, 2% used [0x00000000c5000000,0x00000000c50f3fe0,0x00000000c7800000)
 Metaspace       used 16925K, capacity 17216K, committed 17408K, reserved 1064960K
  class space    used 2221K, capacity 2301K, committed 2304K, reserved 1048576K
Event: 2.741 GC heap after
Heap after GC invocations=5 (full 0):
 PSYoungGen      total 33280K, used 2555K [0x00000000ec580000, 0x00000000f0f80000, 0x0000000100000000)
  eden space 30720K, 0% used [0x00000000ec580000,0x00000000ec580000,0x00000000ee380000)
  from space 2560K, 99% used [0x00000000ee380000,0x00000000ee5fec28,0x00000000ee600000)
  to   space 7168K, 0% used [0x00000000f0880000,0x00000000f0880000,0x00000000f0f80000)
 ParOldGen       total 40960K, used 5461K [0x00000000c5000000, 0x00000000c7800000, 0x00000000ec580000)
  object space 40960K, 13% used [0x00000000c5000000,0x00000000c55555d0,0x00000000c7800000)
 Metaspace       used 16925K, capacity 17216K, committed 17408K, reserved 1064960K
  class space    used 2221K, capacity 2301K, committed 2304K, reserved 1048576K
}
Event: 3.219 GC heap before
{Heap before GC invocations=6 (full 0):
 PSYoungGen      total 33280K, used 17890K [0x00000000ec580000, 0x00000000f0f80000, 0x0000000100000000)
  eden space 30720K, 49% used [0x00000000ec580000,0x00000000ed479ee0,0x00000000ee380000)
  from space 2560K, 99% used [0x00000000ee380000,0x00000000ee5fec28,0x00000000ee600000)
  to   space 7168K, 0% used [0x00000000f0880000,0x00000000f0880000,0x00000000f0f80000)
 ParOldGen       total 40960K, used 5461K [0x00000000c5000000, 0x00000000c7800000, 0x00000000ec580000)
  object space 40960K, 13% used [0x00000000c5000000,0x00000000c55555d0,0x00000000c7800000)
 Metaspace       used 20803K, capacity 21150K, committed 21296K, reserved 1067008K
  class space    used 2712K, capacity 2842K, committed 2864K, reserved 1048576K
Event: 3.228 GC heap after
Heap after GC invocations=6 (full 0):
 PSYoungGen      total 67584K, used 6597K [0x00000000ec580000, 0x00000000f1180000, 0x0000000100000000)
  eden space 60416K, 0% used [0x00000000ec580000,0x00000000ec580000,0x00000000f0080000)
  from space 7168K, 92% used [0x00000000f0880000,0x00000000f0ef1478,0x00000000f0f80000)
  to   space 8192K, 0% used [0x00000000f0080000,0x00000000f0080000,0x00000000f0880000)
 ParOldGen       total 40960K, used 5469K [0x00000000c5000000, 0x00000000c7800000, 0x00000000ec580000)
  object space 40960K, 13% used [0x00000000c5000000,0x00000000c55575d0,0x00000000c7800000)
 Metaspace       used 20803K, capacity 21150K, committed 21296K, reserved 1067008K
  class space    used 2712K, capacity 2842K, committed 2864K, reserved 1048576K
}
Event: 3.228 GC heap before
{Heap before GC invocations=7 (full 1):
 PSYoungGen      total 67584K, used 6597K [0x00000000ec580000, 0x00000000f1180000, 0x0000000100000000)
  eden space 60416K, 0% used [0x00000000ec580000,0x00000000ec580000,0x00000000f0080000)
  from space 7168K, 92% used [0x00000000f0880000,0x00000000f0ef1478,0x00000000f0f80000)
  to   space 8192K, 0% used [0x00000000f0080000,0x00000000f0080000,0x00000000f0880000)
 ParOldGen       total 40960K, used 5469K [0x00000000c5000000, 0x00000000c7800000, 0x00000000ec580000)
  object space 40960K, 13% used [0x00000000c5000000,0x00000000c55575d0,0x00000000c7800000)
 Metaspace       used 20803K, capacity 21150K, committed 21296K, reserved 1067008K
  class space    used 2712K, capacity 2842K, committed 2864K, reserved 1048576K
Event: 3.259 GC heap after
Heap after GC invocations=7 (full 1):
 PSYoungGen      total 67584K, used 0K [0x00000000ec580000, 0x00000000f1180000, 0x0000000100000000)
  eden space 60416K, 0% used [0x00000000ec580000,0x00000000ec580000,0x00000000f0080000)
  from space 7168K, 0% used [0x00000000f0880000,0x00000000f0880000,0x00000000f0f80000)
  to   space 8192K, 0% used [0x00000000f0080000,0x00000000f0080000,0x00000000f0880000)
 ParOldGen       total 28672K, used 7277K [0x00000000c5000000, 0x00000000c6c00000, 0x00000000ec580000)
  object space 28672K, 25% used [0x00000000c5000000,0x00000000c571b6d0,0x00000000c6c00000)
 Metaspace       used 20803K, capacity 21150K, committed 21296K, reserved 1067008K
  class space    used 2712K, capacity 2842K, committed 2864K, reserved 1048576K
}

Deoptimization events (10 events):
Event: 3.410 Thread 0x0000000002ff2800 Uncommon trap: reason=unstable_if action=reinterpret pc=0x00000000034b2f24 method=java.lang.String.regionMatches(ZILjava/lang/String;II)Z @ 123
Event: 3.410 Thread 0x0000000002ff2800 Uncommon trap: reason=unstable_if action=reinterpret pc=0x00000000034b7fc8 method=java.lang.String.regionMatches(ZILjava/lang/String;II)Z @ 123
Event: 3.606 Thread 0x0000000002ff2800 Uncommon trap: reason=bimorphic action=maybe_recompile pc=0x0000000003541508 method=java.net.URL.<init>(Ljava/net/URL;Ljava/lang/String;Ljava/net/URLStreamHandler;)V @ 504
Event: 3.613 Thread 0x0000000002ff2800 Uncommon trap: reason=unstable_if action=reinterpret pc=0x0000000003541964 method=sun.net.www.protocol.jar.Handler.parseURL(Ljava/net/URL;Ljava/lang/String;II)V @ 94
Event: 3.926 Thread 0x0000000002ff2800 Uncommon trap: reason=unstable_if action=reinterpret pc=0x000000000367aecc method=java.util.regex.Matcher.reset()Ljava/util/regex/Matcher; @ 47
Event: 3.926 Thread 0x0000000002ff2800 Uncommon trap: reason=class_check action=maybe_recompile pc=0x0000000003588bc0 method=java.util.regex.Pattern$Curly.match0(Ljava/util/regex/Matcher;IILjava/lang/CharSequence;)Z @ 31
Event: 3.926 Thread 0x0000000002ff2800 Uncommon trap: reason=class_check action=maybe_recompile pc=0x0000000003588bc0 method=java.util.regex.Pattern$Curly.match0(Ljava/util/regex/Matcher;IILjava/lang/CharSequence;)Z @ 31
Event: 3.926 Thread 0x0000000002ff2800 Uncommon trap: reason=class_check action=maybe_recompile pc=0x0000000003588bc0 method=java.util.regex.Pattern$Curly.match0(Ljava/util/regex/Matcher;IILjava/lang/CharSequence;)Z @ 31
Event: 3.926 Thread 0x0000000002ff2800 Uncommon trap: reason=class_check action=maybe_recompile pc=0x0000000003588bc0 method=java.util.regex.Pattern$Curly.match0(Ljava/util/regex/Matcher;IILjava/lang/CharSequence;)Z @ 31
Event: 4.648 Thread 0x0000000002ff2800 Uncommon trap: reason=unstable_if action=reinterpret pc=0x00000000036785d4 method=java.util.HashMap$HashIterator.<init>(Ljava/util/HashMap;)V @ 45

Classes redefined (0 events):
No events

Internal exceptions (10 events):
Event: 1.711 Thread 0x0000000002ff2800 Exception <a 'java/lang/ArrayIndexOutOfBoundsException'> (0x00000000ec689de0) thrown at [C:\re\workspace\8-2-build-windows-amd64-cygwin\jdk8u202\12323\hotspot\src\share\vm\runtime\sharedRuntime.cpp, line 605]
Event: 1.715 Thread 0x0000000002ff2800 Exception <a 'java/lang/ClassNotFoundException': org/springframework/context/ResourceLoaderAwareBeanInfo> (0x00000000ec6b42f0) thrown at [C:\re\workspace\8-2-build-windows-amd64-cygwin\jdk8u202\12323\hotspot\src\share\vm\classfile\systemDictionary.cpp, li
Event: 1.715 Thread 0x0000000002ff2800 Exception <a 'java/lang/ClassNotFoundException': org/springframework/context/ResourceLoaderAwareCustomizer> (0x00000000ec6be1b8) thrown at [C:\re\workspace\8-2-build-windows-amd64-cygwin\jdk8u202\12323\hotspot\src\share\vm\classfile\systemDictionary.cpp, 
Event: 1.716 Thread 0x0000000002ff2800 Exception <a 'java/lang/ClassNotFoundException': org/springframework/beans/factory/DisposableBeanBeanInfo> (0x00000000ec6c9b38) thrown at [C:\re\workspace\8-2-build-windows-amd64-cygwin\jdk8u202\12323\hotspot\src\share\vm\classfile\systemDictionary.cpp, l
Event: 1.716 Thread 0x0000000002ff2800 Exception <a 'java/lang/ClassNotFoundException': org/springframework/beans/factory/DisposableBeanCustomizer> (0x00000000ec76d430) thrown at [C:\re\workspace\8-2-build-windows-amd64-cygwin\jdk8u202\12323\hotspot\src\share\vm\classfile\systemDictionary.cpp,
Event: 1.716 Thread 0x0000000002ff2800 Exception <a 'java/lang/ClassNotFoundException': org/springframework/dao/support/PersistenceExceptionTranslatorBeanInfo> (0x00000000ec7796d0) thrown at [C:\re\workspace\8-2-build-windows-amd64-cygwin\jdk8u202\12323\hotspot\src\share\vm\classfile\systemDic
Event: 1.717 Thread 0x0000000002ff2800 Exception <a 'java/lang/ClassNotFoundException': org/springframework/dao/support/PersistenceExceptionTranslatorCustomizer> (0x00000000ec784e40) thrown at [C:\re\workspace\8-2-build-windows-amd64-cygwin\jdk8u202\12323\hotspot\src\share\vm\classfile\systemD
Event: 1.968 Thread 0x0000000002ff2800 Exception <a 'java/lang/ClassNotFoundException': java/lang/Module> (0x00000000ecf8cd58) thrown at [C:\re\workspace\8-2-build-windows-amd64-cygwin\jdk8u202\12323\hotspot\src\share\vm\classfile\systemDictionary.cpp, line 210]
Event: 2.699 Thread 0x0000000002ff2800 Implicit null exception at 0x0000000003492f1b to 0x00000000034937e1
Event: 4.233 Thread 0x0000000002ff2800 Exception <a 'java/lang/NoSuchMethodError': java.lang.Object.lambda$comparing$77a9974f$1(Ljava/util/function/Function;Ljava/lang/Object;Ljava/lang/Object;)I> (0x00000000ee449028) thrown at [C:\re\workspace\8-2-build-windows-amd64-cygwin\jdk8u202\12323\hot

Events (10 events):
Event: 4.656 loading class net/bytebuddy/implementation/bytecode/assign/TypeCasting
Event: 4.656 loading class net/bytebuddy/implementation/bytecode/assign/TypeCasting done
Event: 4.657 loading class net/bytebuddy/implementation/bytecode/member/MethodReturn
Event: 4.657 loading class net/bytebuddy/implementation/bytecode/member/MethodReturn done
Event: 4.659 loading class net/bytebuddy/implementation/bind/MethodDelegationBinder$MethodBinding$Builder
Event: 4.659 loading class net/bytebuddy/implementation/bind/MethodDelegationBinder$MethodBinding$Builder done
Event: 4.659 loading class net/bytebuddy/implementation/bytecode/member/MethodVariableAccess
Event: 4.659 loading class net/bytebuddy/implementation/bytecode/member/MethodVariableAccess done
Event: 4.660 loading class net/bytebuddy/implementation/bytecode/member/MethodVariableAccess$MethodLoading$TypeCastingHandler
Event: 4.660 loading class net/bytebuddy/implementation/bytecode/member/MethodVariableAccess$MethodLoading$TypeCastingHandler done


Dynamic libraries:
0x00007ff769cc0000 - 0x00007ff769cf7000 	C:\ProgramData\Java\bin\javaw.exe
0x00007ff9a3a70000 - 0x00007ff9a3c68000 	C:\WINDOWS\SYSTEM32\ntdll.dll
0x00007ff9a3830000 - 0x00007ff9a38ef000 	C:\WINDOWS\System32\KERNEL32.DLL
0x00007ff9a1690000 - 0x00007ff9a1986000 	C:\WINDOWS\System32\KERNELBASE.dll
0x00007ff9a36e0000 - 0x00007ff9a378f000 	C:\WINDOWS\System32\ADVAPI32.dll
0x00007ff9a3640000 - 0x00007ff9a36de000 	C:\WINDOWS\System32\msvcrt.dll
0x00007ff9a3790000 - 0x00007ff9a382c000 	C:\WINDOWS\System32\sechost.dll
0x00007ff9a2790000 - 0x00007ff9a28b6000 	C:\WINDOWS\System32\RPCRT4.dll
0x00007ff9a2210000 - 0x00007ff9a23ad000 	C:\WINDOWS\System32\USER32.dll
0x00007ff9a1990000 - 0x00007ff9a19b2000 	C:\WINDOWS\System32\win32u.dll
0x00007ff9a2040000 - 0x00007ff9a206c000 	C:\WINDOWS\System32\GDI32.dll
0x00007ff9a11b0000 - 0x00007ff9a12c5000 	C:\WINDOWS\System32\gdi32full.dll
0x00007ff9a1390000 - 0x00007ff9a142d000 	C:\WINDOWS\System32\msvcp_win.dll
0x00007ff9a1a30000 - 0x00007ff9a1b30000 	C:\WINDOWS\System32\ucrtbase.dll
0x00007ff98e240000 - 0x00007ff98e4da000 	C:\WINDOWS\WinSxS\amd64_microsoft.windows.common-controls_6595b64144ccf1df_6.0.19041.1110_none_60b5254171f9507e\COMCTL32.dll
0x00007ff9a3a00000 - 0x00007ff9a3a30000 	C:\WINDOWS\System32\IMM32.DLL
0x000000006ea40000 - 0x000000006eb12000 	C:\ProgramData\Java\bin\msvcr100.dll
0x000000006eb20000 - 0x000000006f3c5000 	C:\ProgramData\Java\bin\server\jvm.dll
0x00007ff9a29e0000 - 0x00007ff9a29e8000 	C:\WINDOWS\System32\PSAPI.DLL
0x00007ff99c350000 - 0x00007ff99c359000 	C:\WINDOWS\SYSTEM32\WSOCK32.dll
0x00007ff992240000 - 0x00007ff992267000 	C:\WINDOWS\SYSTEM32\WINMM.dll
0x00007ff992920000 - 0x00007ff99292a000 	C:\WINDOWS\SYSTEM32\VERSION.dll
0x00007ff9a2970000 - 0x00007ff9a29db000 	C:\WINDOWS\System32\WS2_32.dll
0x00007ff98c950000 - 0x00007ff98c95f000 	C:\ProgramData\Java\bin\verify.dll
0x00007ff98c920000 - 0x00007ff98c949000 	C:\ProgramData\Java\bin\java.dll
0x00007ff98bbb0000 - 0x00007ff98bbc6000 	C:\ProgramData\Java\bin\zip.dll
0x00007ff9a2ef0000 - 0x00007ff9a3634000 	C:\WINDOWS\System32\SHELL32.dll
0x00007ff99f270000 - 0x00007ff99fa03000 	C:\WINDOWS\SYSTEM32\windows.storage.dll
0x00007ff9a1c70000 - 0x00007ff9a1fc4000 	C:\WINDOWS\System32\combase.dll
0x00007ff9a0c10000 - 0x00007ff9a0c3e000 	C:\WINDOWS\SYSTEM32\Wldp.dll
0x00007ff9a28c0000 - 0x00007ff9a296d000 	C:\WINDOWS\System32\SHCORE.dll
0x00007ff9a1c10000 - 0x00007ff9a1c65000 	C:\WINDOWS\System32\shlwapi.dll
0x00007ff9a10f0000 - 0x00007ff9a110f000 	C:\WINDOWS\SYSTEM32\profapi.dll
0x00007ff9a0b60000 - 0x00007ff9a0b78000 	C:\WINDOWS\SYSTEM32\CRYPTSP.dll
0x00007ff9a0220000 - 0x00007ff9a0254000 	C:\WINDOWS\system32\rsaenh.dll
0x00007ff9a1360000 - 0x00007ff9a1387000 	C:\WINDOWS\System32\bcrypt.dll
0x00007ff9a10b0000 - 0x00007ff9a10de000 	C:\WINDOWS\SYSTEM32\USERENV.dll
0x00007ff9a12d0000 - 0x00007ff9a1352000 	C:\WINDOWS\System32\bcryptprimitives.dll
0x00007ff9a0b80000 - 0x00007ff9a0b8c000 	C:\WINDOWS\SYSTEM32\CRYPTBASE.dll
0x00007ff97df30000 - 0x00007ff97df4a000 	C:\ProgramData\Java\bin\net.dll
0x00007ff992d70000 - 0x00007ff992f5c000 	C:\WINDOWS\SYSTEM32\urlmon.dll
0x00007ff993560000 - 0x00007ff993811000 	C:\WINDOWS\SYSTEM32\iertutil.dll
0x00007ff9a0650000 - 0x00007ff9a065c000 	C:\WINDOWS\SYSTEM32\netutils.dll
0x00007ff992d00000 - 0x00007ff992d28000 	C:\WINDOWS\SYSTEM32\srvcli.dll
0x00007ff9a0970000 - 0x00007ff9a09da000 	C:\WINDOWS\system32\mswsock.dll
0x00007ff9a0610000 - 0x00007ff9a064c000 	C:\WINDOWS\SYSTEM32\IPHLPAPI.DLL
0x00007ff9a1c00000 - 0x00007ff9a1c08000 	C:\WINDOWS\System32\NSI.dll
0x00007ff999b00000 - 0x00007ff999b17000 	C:\WINDOWS\SYSTEM32\dhcpcsvc6.DLL
0x00007ff99a020000 - 0x00007ff99a03d000 	C:\WINDOWS\SYSTEM32\dhcpcsvc.DLL
0x00007ff9a0660000 - 0x00007ff9a072b000 	C:\WINDOWS\SYSTEM32\DNSAPI.dll
0x00007ff97d290000 - 0x00007ff97d2a2000 	C:\ProgramData\Java\bin\nio.dll
0x00007ff996420000 - 0x00007ff99642a000 	C:\Windows\System32\rasadhlp.dll
0x00007ff9969f0000 - 0x00007ff996a72000 	C:\WINDOWS\System32\fwpuclnt.dll
0x00007ff98c8f0000 - 0x00007ff98c914000 	C:\ProgramData\Java\bin\sunec.dll
0x00007ff97e000000 - 0x00007ff97e00b000 	C:\ProgramData\Java\bin\sunmscapi.dll
0x00007ff9a1430000 - 0x00007ff9a158e000 	C:\WINDOWS\System32\CRYPT32.dll

VM Arguments:
jvm_args: -Dfile.encoding=UTF-8 
java_command: com.spring.orm.App
java_class_path (initial): E:\PG-DAC\DAC Classes\Web Based Programming\Learn wih Durgesh\WORKSHOP\springorm\target\classes;C:\Users\ADMIN\.m2\repository\org\springframework\spring-core\5.2.24.RELEASE\spring-core-5.2.24.RELEASE.jar;C:\Users\ADMIN\.m2\repository\org\springframework\spring-jcl\5.2.24.RELEASE\spring-jcl-5.2.24.RELEASE.jar;C:\Users\ADMIN\.m2\repository\org\springframework\spring-context\5.2.24.RELEASE\spring-context-5.2.24.RELEASE.jar;C:\Users\ADMIN\.m2\repository\org\springframework\spring-aop\5.2.24.RELEASE\spring-aop-5.2.24.RELEASE.jar;C:\Users\ADMIN\.m2\repository\org\springframework\spring-beans\5.2.24.RELEASE\spring-beans-5.2.24.RELEASE.jar;C:\Users\ADMIN\.m2\repository\org\springframework\spring-expression\5.2.24.RELEASE\spring-expression-5.2.24.RELEASE.jar;C:\Users\ADMIN\.m2\repository\com\mysql\mysql-connector-j\8.0.33\mysql-connector-j-8.0.33.jar;C:\Users\ADMIN\.m2\repository\com\google\protobuf\protobuf-java\3.21.9\protobuf-java-3.21.9.jar;C:\Users\ADMIN\.m2\repository\org\springframework\spring-orm\5.2.24.RELEASE\spring-orm-5.2.24.RELEASE.jar;C:\Users\ADMIN\.m2\repository\org\springframework\spring-jdbc\5.2.24.RELEASE\spring-jdbc-5.2.24.RELEASE.jar;C:\Users\ADMIN\.m2\repository\org\springframework\spring-tx\5.2.24.RELEASE\spring-tx-5.2.24.RELEASE.jar;C:\Users\ADMIN\.m2\repository\org\hibernate\hibernate-core\5.6.15.Final\hibernate-core-5.6.15.Final.jar;C:\Users\ADMIN\.m2\repository\org\jboss\logging\jboss-logging\3.4.3.Final\jboss-logging-3.4.3.Final.jar;C:\Users\ADMIN\.m2\repository\javax\persistence\javax.persistence-api\2.2\javax.persistence-api-2.2.jar;C:\Users\ADMIN\.m2\repository\net\bytebuddy\byte-buddy\1.12.18\byte-buddy-1.12.18.jar;C:\Users\ADMIN\.m2\repository\antlr\antlr\2.7.7\antlr-2.7.7.jar;C:\Users\ADMIN\.m2\repository\org\jboss\spec\javax\transaction\jboss-transaction-api_1.2_spec\1.1.1.Final\jboss-transaction-api_1.2_spec-1.1.1.Final.jar;C:\Users\ADMIN\.m2\repository\org\jboss\jandex\2.4.2.Final\jandex-2.4.2.Final.jar;C:\Use
Launcher Type: SUN_STANDARD

Environment Variables:
PATH=C:/ProgramData/Java/bin/server;C:/ProgramData/Java/bin;C:/ProgramData/Java/lib/amd64;C:\Program Files (x86)\Common Files\Oracle\Java\javapath;C:\WINDOWS\system32;C:\WINDOWS;C:\WINDOWS\System32\Wbem;C:\WINDOWS\System32\WindowsPowerShell\v1.0\;C:\WINDOWS\System32\OpenSSH\;C:\Program Files\MySQL\MySQL Server 8.0\bin;C:\Program Files\MongoDB\Server\4.0\bin;C:\Program Files\nodejs\;C:\ProgramData\chocolatey\bin;C:\Program Files\Microsoft SQL Server\150\Tools\Binn\;C:\Program Files\dotnet\;C:\MinGW\bin;C:\Program Files\Microsoft SQL Server\Client SDK\ODBC\170\Tools\Binn\;C:\Program Files\MySQL\MySQL Shell 8.0\bin\;C:\Users\ADMIN\AppData\Local\Microsoft\WindowsApps;;C:\Users\ADMIN\AppData\Local\Programs\Microsoft VS Code\bin;C:\Users\ADMIN\AppData\Roaming\npm;C:\Users\ADMIN\.dotnet\tools;C:\Users\ADMIN\eclipsephoton;
USERNAME=ADMIN
OS=Windows_NT
PROCESSOR_IDENTIFIER=Intel64 Family 6 Model 58 Stepping 9, GenuineIntel



---------------  S Y S T E M  ---------------

OS: Windows 10.0 , 64 bit Build 19041 (10.0.19041.2913)

CPU:total 4 (initial active 4) (2 cores per cpu, 2 threads per core) family 6 model 58 stepping 9, cmov, cx8, fxsr, mmx, sse, sse2, sse3, ssse3, sse4.1, sse4.2, popcnt, avx, aes, clmul, erms, ht, tsc, tscinvbit, tscinv

Memory: 4k page, physical 3859920k(151200k free), swap 5959120k(660k free)

vm_info: Java HotSpot(TM) 64-Bit Server VM (25.202-b08) for windows-amd64 JRE (1.8.0_202-b08), built on Dec 15 2018 19:54:30 by "java_re" with MS VC++ 10.0 (VS2010)

time: Mon May 22 22:21:47 2023
timezone: India Standard Time
elapsed time: 4 seconds (0d 0h 0m 4s)

